<?xml version="1.0" encoding="UTF-8"?>
<testng-results ignored="0" total="1" passed="1" failed="0" skipped="0">
  <reporter-output>
  </reporter-output>
  <suite started-at="2025-02-10T22:55:28 IST" name="Default suite" finished-at="2025-02-10T22:55:30 IST" duration-ms="2120">
    <groups>
    </groups>
    <test started-at="2025-02-10T22:55:28 IST" name="Default test" finished-at="2025-02-10T22:55:30 IST" duration-ms="2120">
      <class name="Day2.usingExternalFile">
        <test-method signature="fileTest()[pri:0, instance:Day2.usingExternalFile@36ebc363]" started-at="2025-02-10T22:55:28 IST" name="fileTest" finished-at="2025-02-10T22:55:30 IST" duration-ms="2070" status="PASS">
          <reporter-output>
          </reporter-output>
        </test-method> <!-- fileTest -->
      </class> <!-- Day2.usingExternalFile -->
    </test> <!-- Default test -->
  </suite> <!-- Default suite -->
</testng-results>
