<?xml version="1.0" encoding="UTF-8"?>
<testng-results ignored="0" total="4" passed="4" failed="0" skipped="0">
  <reporter-output>
  </reporter-output>
  <suite started-at="2025-02-08T23:00:16 IST" name="Default suite" finished-at="2025-02-08T23:00:23 IST" duration-ms="6888">
    <groups>
    </groups>
    <test started-at="2025-02-08T23:00:16 IST" name="Default test" finished-at="2025-02-08T23:00:23 IST" duration-ms="6888">
      <class name="Day1.first">
        <test-method signature="getUser()[pri:0, instance:Day1.first@22555ebf]" started-at="2025-02-08T23:00:16 IST" name="getUser" finished-at="2025-02-08T23:00:20 IST" duration-ms="3360" status="PASS">
          <reporter-output>
          </reporter-output>
        </test-method> <!-- getUser -->
        <test-method signature="createUSer()[pri:1, instance:Day1.first@22555ebf]" started-at="2025-02-08T23:00:20 IST" name="createUSer" finished-at="2025-02-08T23:00:21 IST" duration-ms="1055" status="PASS">
          <reporter-output>
          </reporter-output>
        </test-method> <!-- createUSer -->
        <test-method signature="updateUser()[pri:2, instance:Day1.first@22555ebf]" started-at="2025-02-08T23:00:21 IST" name="updateUser" finished-at="2025-02-08T23:00:22 IST" depends-on-methods="Day1.first.createUSer" duration-ms="711" status="PASS">
          <reporter-output>
          </reporter-output>
        </test-method> <!-- updateUser -->
        <test-method signature="deleteUser()[pri:3, instance:Day1.first@22555ebf]" started-at="2025-02-08T23:00:22 IST" name="deleteUser" finished-at="2025-02-08T23:00:23 IST" duration-ms="1669" status="PASS">
          <reporter-output>
          </reporter-output>
        </test-method> <!-- deleteUser -->
      </class> <!-- Day1.first -->
    </test> <!-- Default test -->
  </suite> <!-- Default suite -->
</testng-results>
